05.08.20 20:46:54:117 suit INFO: [main] Current suit jar is /home/suleyk/.local/share/thinkorswim/suit/1950.0.2/tos-suit-1950.0.2.jar
05.08.20 20:46:54:121 suit INFO: [main] App root is /home/suleyk/.local/share/thinkorswim
05.08.20 20:46:54:126 suit INFO: [main] OS Type is LINUX
05.08.20 20:46:54:127 suit INFO: [main] OS bitness is X64, JRE bitness is X64, JRE vendor is Oracle Corporation. JRE version is 1.8.0_262
05.08.20 20:46:54:127 suit INFO: [main] Calling registerBrowserPlugin
05.08.20 20:46:54:128 suit INFO: [main] registerBrowserPlugin: we do not have plugin for linux at this time
05.08.20 20:46:54:128 suit INFO: [main] Calling registerProtocols
05.08.20 20:46:54:131 suit INFO: [main] Registering RTD server
05.08.20 20:46:54:131 suit INFO: [main] registerRealTimeDataServer: we do not have RTD implementation for linux
05.08.20 20:46:54:159 suit WARNING: fixExecutableScript: Error while patching. java.lang.Exception: Start script cannot be patched because has unknown state
	at com.devexperts.jnlp.platform.impl.unix.linux.LinuxCommandHelper.fixExecutableScript(LinuxCommandHelper.java:254)
	at com.devexperts.jnlp.platform.impl.unix.linux.LinuxCommandHelper.fixInstalledFilesIfNeeded(LinuxCommandHelper.java:178)
	at com.devexperts.jnlp.installer.InstallerCallbackInSuit.onInstall(InstallerCallbackInSuit.java:27)
	at sun.reflect.NativeMethodAccessorImpl.invoke0(Native Method)
	at sun.reflect.NativeMethodAccessorImpl.invoke(NativeMethodAccessorImpl.java:62)
	at sun.reflect.DelegatingMethodAccessorImpl.invoke(DelegatingMethodAccessorImpl.java:43)
	at java.lang.reflect.Method.invoke(Method.java:498)
	at com.devexperts.jnlp.InstallerCallback.onInstall(InstallerCallback.java:31)
	at sun.reflect.NativeMethodAccessorImpl.invoke0(Native Method)
	at sun.reflect.NativeMethodAccessorImpl.invoke(NativeMethodAccessorImpl.java:62)
	at sun.reflect.DelegatingMethodAccessorImpl.invoke(DelegatingMethodAccessorImpl.java:43)
	at java.lang.reflect.Method.invoke(Method.java:498)
	at com.install4j.script.I4jScript_Internal_185.eval(I4jScript_Internal_185.java:34)
	at com.install4j.script.I4jScript_Internal_185.evaluate(I4jScript_Internal_185.java:39)
	at com.install4j.runtime.installer.helper.Script.evaluate(Script.java:33)
	at com.install4j.runtime.installer.ContextImpl.runScript(ContextImpl.java:201)
	at com.install4j.runtime.installer.ContextImpl.runScript(ContextImpl.java:195)
	at com.install4j.runtime.beans.actions.control.RunScriptAction.execute(RunScriptAction.java:34)
	at com.install4j.runtime.beans.actions.SystemInstallOrUninstallAction.install(SystemInstallOrUninstallAction.java:29)
	at com.install4j.runtime.installer.ContextImpl$9.executeAction(ContextImpl.java:1701)
	at com.install4j.runtime.installer.ContextImpl$9.fetchValue(ContextImpl.java:1692)
	at com.install4j.runtime.installer.ContextImpl$9.fetchValue(ContextImpl.java:1689)
	at com.install4j.runtime.installer.helper.comm.actions.FetchObjectAction.execute(FetchObjectAction.java:14)
	at com.install4j.runtime.installer.helper.comm.HelperCommunication.executeActionDirect(HelperCommunication.java:271)
	at com.install4j.runtime.installer.helper.comm.HelperCommunication.executeActionInt(HelperCommunication.java:256)
	at com.install4j.runtime.installer.helper.comm.HelperCommunication.executeActionChecked(HelperCommunication.java:184)
	at com.install4j.runtime.installer.helper.comm.HelperCommunication.fetchObjectChecked(HelperCommunication.java:167)
	at com.install4j.runtime.installer.ContextImpl.performActionIntStatic(ContextImpl.java:1689)
	at com.install4j.runtime.installer.InstallerContextImpl.performActionInt(InstallerContextImpl.java:159)
	at com.install4j.runtime.installer.ContextImpl.performAction(ContextImpl.java:1114)
	at com.install4j.runtime.installer.controller.Controller.executeAction(Controller.java:380)
	at com.install4j.runtime.installer.controller.Controller.executeActions(Controller.java:346)
	at com.install4j.runtime.installer.controller.Controller.handleCommand(Controller.java:207)
	at com.install4j.runtime.installer.controller.Controller.start(Controller.java:106)
	at com.install4j.runtime.installer.Installer.runInProcess(Installer.java:58)
	at com.install4j.runtime.installer.Installer.main(Installer.java:45)
	at sun.reflect.NativeMethodAccessorImpl.invoke0(Native Method)
	at sun.reflect.NativeMethodAccessorImpl.invoke(NativeMethodAccessorImpl.java:62)
	at sun.reflect.DelegatingMethodAccessorImpl.invoke(DelegatingMethodAccessorImpl.java:43)
	at java.lang.reflect.Method.invoke(Method.java:498)
	at com.exe4j.runtime.LauncherEngine.launch(LauncherEngine.java:85)
	at com.install4j.runtime.launcher.UnixLauncher.main(UnixLauncher.java:62)

